Release 9.2.04i Map J.40
Xilinx Mapping Report File for Design 'EndProduct'

Design Information
------------------
Command Line   : C:\PROGRAMS\Xilinx92i\bin\nt\map.exe -ise
D:/Utilisateurs/lizafade50/Exemples/LCDScreen_With_FINAL/FINAL with LCD -
FADE_CHEIKH-SIDIYA.ise -intstyle ise -p xc3s100e-cp132-5 -cm area -pr b -k 4 -c
100 -o EndProduct_map.ncd EndProduct.ngd EndProduct.pcf 
Target Device  : xc3s100e
Target Package : cp132
Target Speed   : -5
Mapper Version : spartan3e -- $Revision: 1.36 $
Mapped Date    : Fri Apr 10 19:38:11 2026

Design Summary
--------------
Number of errors:      0
Number of warnings:    0
Logic Utilization:
  Number of Slice Flip Flops:         818 out of   1,920   42%
  Number of 4 input LUTs:           1,067 out of   1,920   55%
Logic Distribution:
  Number of occupied Slices:                          798 out of     960   83%
    Number of Slices containing only related logic:     798 out of     798  100%
    Number of Slices containing unrelated logic:          0 out of     798    0%
      *See NOTES below for an explanation of the effects of unrelated logic
Total Number of 4 input LUTs:          1,462 out of   1,920   76%
  Number used as logic:              1,067
  Number used as a route-thru:         395
  Number of bonded IOBs:                6 out of      83    7%
    IOB Flip Flops:                     2
  Number of GCLKs:                     1 out of      24    4%

Total equivalent gate count for design:  17,162
Additional JTAG gate count for IOBs:  288
Peak Memory Usage:  203 MB
Total REAL time to MAP completion:  1 secs 
Total CPU time to MAP completion:   1 secs 

NOTES:

   Related logic is defined as being logic that shares connectivity - e.g. two
   LUTs are "related" if they share common inputs.  When assembling slices,
   Map gives priority to combine logic that is related.  Doing so results in
   the best timing performance.

   Unrelated logic shares no connectivity.  Map will only begin packing
   unrelated logic into a slice once 99% of the slices are occupied through
   related logic packing.

   Note that once logic distribution reaches the 99% level through related
   logic packing, this does not mean the device is completely utilized.
   Unrelated logic packing will then begin, continuing until all usable LUTs
   and FFs are occupied.  Depending on your timing budget, increased levels of
   unrelated logic packing may adversely affect the overall timing performance
   of your design.

Table of Contents
-----------------
Section 1 - Errors
Section 2 - Warnings
Section 3 - Informational
Section 4 - Removed Logic Summary
Section 5 - Removed Logic
Section 6 - IOB Properties
Section 7 - RPMs
Section 8 - Guide Report
Section 9 - Area Group and Partition Summary
Section 10 - Modular Design Summary
Section 11 - Timing Report
Section 12 - Configuration String Information
Section 13 - Control Set Information

Section 1 - Errors
------------------

Section 2 - Warnings
--------------------

Section 3 - Informational
-------------------------
INFO:MapLib:562 - No environment variables are currently set.
INFO:MapLib:863 - The following Virtex BUFG(s) is/are being retargeted to
   Virtex2 BUFGMUX(s) with input tied to I0 and Select pin tied to constant 0:
   BUFGP symbol "Clk_BUFGP" (output signal=Clk_BUFGP)
INFO:LIT:244 - All of the single ended outputs in this design are using slew
   rate limited output drivers. The delay on speed critical single ended outputs
   can be dramatically reduced by designating them as fast outputs in the
   schematic.

Section 4 - Removed Logic Summary
---------------------------------
   2 block(s) optimized away

Section 5 - Removed Logic
-------------------------

Optimized Block(s):
TYPE 		BLOCK
GND 		XST_GND
VCC 		XST_VCC

To enable printing of redundant blocks removed and signals merged, set the
detailed map report option and rerun map.

Section 6 - IOB Properties
--------------------------

+-----------------------------------------------------------------------------------------------------------------------------------------+
| IOB Name                           | IOB Type         | Direction | IO Standard | Drive    | Slew | Reg (s)      | Resistor | IBUF/IFD  |
|                                    |                  |           |             | Strength | Rate |              |          | Delay     |
+-----------------------------------------------------------------------------------------------------------------------------------------+
| Clk                                | IBUF             | INPUT     | LVCMOS33    |          |      |              |          | 0 / 0     |
| FreqVar                            | IBUF             | INPUT     | LVCMOS33    |          |      | IFF1         |          | 0 / 2     |
| led_bad_ftment                     | IOB              | OUTPUT    | LVCMOS33    | 12       | SLOW | OFF1         |          | 0 / 0     |
| reset                              | IBUF             | INPUT     | LVCMOS33    |          |      |              |          | 0 / 0     |
| scl                                | IOB              | OUTPUT    | LVCMOS33    | 12       | SLOW |              | PULLUP   | 0 / 0     |
| sda                                | IOB              | OUTPUT    | LVCMOS33    | 12       | SLOW |              | PULLUP   | 0 / 0     |
+-----------------------------------------------------------------------------------------------------------------------------------------+

Section 7 - RPMs
----------------

Section 8 - Guide Report
------------------------
Guide not run on this design.

Section 9 - Area Group and Partition Summary
--------------------------------------------

Partition Implementation Status
-------------------------------

  No Partitions were found in this design.

-------------------------------

Area Group Information
----------------------

  No area groups were found in this design.


----------------------

Section 10 - Modular Design Summary
-----------------------------------
Modular Design not used for this design.

Section 11 - Timing Report
--------------------------
This design was not run using timing mode.

Section 12 - Configuration String Details
-----------------------------------------
Use the "-detail" map option to print out Configuration Strings

Section 13 - Control Set Information
------------------------------------
No control set information for this architecture.
