--------------------------------------------------------------------------------
Release 9.2.04i Trace 
Copyright (c) 1995-2007 Xilinx, Inc.  All rights reserved.

C:\PROGRAMS\Xilinx92i\bin\nt\trce.exe -ise
D:/Utilisateurs/lizafade50/Exemples/LCDScreen_With_FINAL/FINAL with LCD - FADE_CHEIKH-SIDIYA.ise
-intstyle ise -e 3 -s 5 -xml EndProduct EndProduct.ncd -o EndProduct.twr
EndProduct.pcf -ucf EndProduct.ucf

Design file:              endproduct.ncd
Physical constraint file: endproduct.pcf
Device,package,speed:     xc3s100e,cp132,-5 (PRODUCTION 1.27 2007-10-19)
Report level:             error report

Environment Variable      Effect 
--------------------      ------ 
NONE                      No environment variables were set
--------------------------------------------------------------------------------

INFO:Timing:2698 - No timing constraints found, doing default enumeration.
INFO:Timing:2752 - To get complete path coverage, use the unconstrained paths 
   option. All paths that are not constrained will be reported in the 
   unconstrained paths section(s) of the report.
INFO:Timing:3339 - The clock-to-out numbers in this timing report are based on 
   a 50 Ohm transmission line loading model.  For the details of this model, 
   and for more information on accounting for different loading conditions, 
   please see the device datasheet.



Data Sheet report:
-----------------
All values displayed in nanoseconds (ns)

Setup/Hold to clock Clk
------------+------------+------------+------------------+--------+
            |  Setup to  |  Hold to   |                  | Clock  |
Source      | clk (edge) | clk (edge) |Internal Clock(s) | Phase  |
------------+------------+------------+------------------+--------+
FreqVar     |    3.132(R)|   -0.800(R)|Clk_BUFGP         |   0.000|
reset       |    4.277(R)|    0.038(R)|Clk_BUFGP         |   0.000|
------------+------------+------------+------------------+--------+

Clock Clk to Pad
--------------+------------+------------------+--------+
              | clk (edge) |                  | Clock  |
Destination   |   to PAD   |Internal Clock(s) | Phase  |
--------------+------------+------------------+--------+
led_bad_ftment|    5.940(R)|Clk_BUFGP         |   0.000|
scl           |    7.387(R)|Clk_BUFGP         |   0.000|
sda           |    7.839(R)|Clk_BUFGP         |   0.000|
--------------+------------+------------------+--------+

Clock to Setup on destination clock Clk
---------------+---------+---------+---------+---------+
               | Src:Rise| Src:Fall| Src:Rise| Src:Fall|
Source Clock   |Dest:Rise|Dest:Rise|Dest:Fall|Dest:Fall|
---------------+---------+---------+---------+---------+
Clk            |    7.102|         |         |         |
---------------+---------+---------+---------+---------+


Analysis completed Fri Apr 10 19:38:25 2026 
--------------------------------------------------------------------------------

Trace Settings:
-------------------------
Trace Settings 

Peak Memory Usage: 145 MB



